<?xml version="1.0" encoding="UTF-8"?>
<!-- Generated by org.testng.reporters.JUnitXMLReporter -->
<testsuite ignored="0" hostname="MANOJVARMA" failures="0" tests="6" name="Testgit" time="0.076" errors="0" timestamp="2024-02-24T20:53:06 IST">
  <testcase classname="githubtest.TestGrouping1" name="test_case001" time="0.009"/>
  <testcase classname="githubtest.TestGrouping1" name="test_case002" time="0.001"/>
  <testcase classname="githubtest.TestGrouping1" name="test_case003" time="0.002"/>
  <testcase classname="githubtest.TestGrouping2" name="test_case004" time="0.003"/>
  <testcase classname="githubtest.TestGrouping2" name="test_case005" time="0.002"/>
  <testcase classname="githubtest.TestGrouping2" name="test_case006" time="0.001"/>
</testsuite> <!-- Testgit -->
